[debug] [2019-03-23T06:14:03.622Z] ----------------------------------------------------------------------
[debug] [2019-03-23T06:14:03.637Z] Command:       C:\Program Files\nodejs\node.exe C:\Users\Augus\AppData\Roaming\npm\node_modules\firebase-tools\lib\bin\firebase.js init functions
[debug] [2019-03-23T06:14:03.637Z] CLI Version:   6.5.0
[debug] [2019-03-23T06:14:03.637Z] Platform:      win32
[debug] [2019-03-23T06:14:03.637Z] Node Version:  v8.12.0
[debug] [2019-03-23T06:14:03.637Z] Time:          Sat Mar 23 2019 11:44:03 GMT+0530 (India Standard Time)
[debug] [2019-03-23T06:14:03.637Z] ----------------------------------------------------------------------
[debug] 
[debug] [2019-03-23T06:14:03.653Z] > command requires scopes: ["email","openid","https://www.googleapis.com/auth/cloudplatformprojects.readonly","https://www.googleapis.com/auth/firebase","https://www.googleapis.com/auth/cloud-platform"]
[debug] [2019-03-23T06:14:03.653Z] > authorizing via signed-in user
[info] 
     ######## #### ########  ######## ########     ###     ######  ########
     ##        ##  ##     ## ##       ##     ##  ##   ##  ##       ##
     ######    ##  ########  ######   ########  #########  ######  ######
     ##        ##  ##    ##  ##       ##     ## ##     ##       ## ##
     ##       #### ##     ## ######## ########  ##     ##  ######  ########

You're about to initialize a Firebase project in this directory:

  C:\Users\Augus\dev\Projects\The-DareDevil-Watch

[info] 
=== Project Setup
[info] 
[info] First, let's associate this project directory with a Firebase project.
[info] You can create multiple project aliases by running firebase use --add, 
[info] but for now we'll just set up a default project.
[info] 
[debug] [2019-03-23T06:21:11.337Z] > refreshing access token with scopes: ["email","https://www.googleapis.com/auth/cloud-platform","https://www.googleapis.com/auth/cloudplatformprojects.readonly","https://www.googleapis.com/auth/firebase","openid"]
[debug] [2019-03-23T06:21:11.337Z] >>> HTTP REQUEST POST https://www.googleapis.com/oauth2/v3/token  
 <request body omitted>
[debug] [2019-03-23T06:21:11.603Z] <<< HTTP RESPONSE 200
[debug] [2019-03-23T06:21:11.603Z] >>> HTTP REQUEST GET https://firebase.googleapis.com/v1beta1/projects?page_size=100  
 
[debug] [2019-03-23T06:21:12.632Z] <<< HTTP RESPONSE 200
[info] i  Using project daredevil-watch (daredevil-watch)
[info] 
=== Functions Setup
[info] 
[info] A functions directory will be created in your project with a Node.js
[info] package pre-configured. Functions can be deployed with firebase deploy.
[info] 
[debug] [2019-03-23T06:21:21.356Z] > command requires scopes: ["email","openid","https://www.googleapis.com/auth/cloudplatformprojects.readonly","https://www.googleapis.com/auth/firebase","https://www.googleapis.com/auth/cloud-platform"]
[debug] [2019-03-23T06:21:21.356Z] > authorizing via signed-in user
[debug] [2019-03-23T06:21:21.356Z] >>> HTTP REQUEST GET https://firebase.googleapis.com/v1beta1/projects/daredevil-watch  
 
[debug] [2019-03-23T06:21:21.697Z] <<< HTTP RESPONSE 200
[debug] [2019-03-23T06:21:21.713Z] >>> HTTP REQUEST PATCH https://servicemanagement.googleapis.com/v1/services/cloudfunctions.googleapis.com/projectSettings/daredevil-watch?updateMask=usageSettings  

[debug] [2019-03-23T06:21:21.713Z] >>> HTTP REQUEST PATCH https://servicemanagement.googleapis.com/v1/services/runtimeconfig.googleapis.com/projectSettings/daredevil-watch?updateMask=usageSettings  

[debug] [2019-03-23T06:21:24.150Z] <<< HTTP RESPONSE 200
[debug] [2019-03-23T06:21:24.681Z] <<< HTTP RESPONSE 200
[info] +  Wrote functions/package.json
[info] +  Wrote functions/.eslintrc.json
[info] +  Wrote functions/index.js
[info] +  Wrote functions/.gitignore
